[ 3404919ms] [ERROR] WebSocket connection to 'ws://localhost:3000/ws/socket.io/?EIO=4&transport=websocket' failed: Error in connection establishment: net::ERR_SOCKET_NOT_CONNECTED @ http://localhost:3000/_app/immutable/chunks/CGwCSIWv.js:0
[ 3407162ms] [ERROR] WebSocket connection to 'ws://localhost:3000/ws/socket.io/?EIO=4&transport=websocket' failed: Error during WebSocket handshake: net::ERR_CONNECTION_RESET @ http://localhost:3000/_app/immutable/chunks/CGwCSIWv.js:0
[ 3412209ms] [ERROR] WebSocket connection to 'ws://localhost:3000/ws/socket.io/?EIO=4&transport=websocket' failed: Error during WebSocket handshake: net::ERR_CONNECTION_RESET @ http://localhost:3000/_app/immutable/chunks/CGwCSIWv.js:0
[ 3417357ms] [ERROR] WebSocket connection to 'ws://localhost:3000/ws/socket.io/?EIO=4&transport=websocket' failed: Error during WebSocket handshake: net::ERR_CONNECTION_RESET @ http://localhost:3000/_app/immutable/chunks/CGwCSIWv.js:0
[ 3420576ms] [ERROR] Failed to load resource: net::ERR_CONNECTION_RESET @ http://localhost:3000/_app/version.json:0
[ 3422386ms] [ERROR] WebSocket connection to 'ws://localhost:3000/ws/socket.io/?EIO=4&transport=websocket' failed: Error during WebSocket handshake: net::ERR_CONNECTION_RESET @ http://localhost:3000/_app/immutable/chunks/CGwCSIWv.js:0
[ 3427569ms] [ERROR] WebSocket connection to 'ws://localhost:3000/ws/socket.io/?EIO=4&transport=websocket' failed: Error during WebSocket handshake: net::ERR_CONNECTION_RESET @ http://localhost:3000/_app/immutable/chunks/CGwCSIWv.js:0
[ 3432612ms] [ERROR] WebSocket connection to 'ws://localhost:3000/ws/socket.io/?EIO=4&transport=websocket' failed: Error during WebSocket handshake: net::ERR_CONNECTION_RESET @ http://localhost:3000/_app/immutable/chunks/CGwCSIWv.js:0
[ 3437656ms] [ERROR] WebSocket connection to 'ws://localhost:3000/ws/socket.io/?EIO=4&transport=websocket' failed: Error during WebSocket handshake: net::ERR_CONNECTION_RESET @ http://localhost:3000/_app/immutable/chunks/CGwCSIWv.js:0
[ 3442698ms] [ERROR] WebSocket connection to 'ws://localhost:3000/ws/socket.io/?EIO=4&transport=websocket' failed: Error during WebSocket handshake: net::ERR_CONNECTION_RESET @ http://localhost:3000/_app/immutable/chunks/CGwCSIWv.js:0
[ 3447819ms] [ERROR] WebSocket connection to 'ws://localhost:3000/ws/socket.io/?EIO=4&transport=websocket' failed: Error during WebSocket handshake: net::ERR_CONNECTION_RESET @ http://localhost:3000/_app/immutable/chunks/CGwCSIWv.js:0
[ 3452915ms] [ERROR] WebSocket connection to 'ws://localhost:3000/ws/socket.io/?EIO=4&transport=websocket' failed: Error during WebSocket handshake: net::ERR_CONNECTION_RESET @ http://localhost:3000/_app/immutable/chunks/CGwCSIWv.js:0
[ 3458139ms] [ERROR] WebSocket connection to 'ws://localhost:3000/ws/socket.io/?EIO=4&transport=websocket' failed: Error during WebSocket handshake: net::ERR_CONNECTION_RESET @ http://localhost:3000/_app/immutable/chunks/CGwCSIWv.js:0
[ 3463656ms] [ERROR] WebSocket connection to 'ws://localhost:3000/ws/socket.io/?EIO=4&transport=websocket' failed: Error during WebSocket handshake: net::ERR_CONNECTION_RESET @ http://localhost:3000/_app/immutable/chunks/CGwCSIWv.js:0
[ 3729485ms] [ERROR] WebSocket connection to 'ws://localhost:3000/ws/socket.io/?EIO=4&transport=websocket' failed: Error in connection establishment: net::ERR_SOCKET_NOT_CONNECTED @ http://localhost:3000/_app/immutable/chunks/CGwCSIWv.js:0
[ 3731459ms] [ERROR] WebSocket connection to 'ws://localhost:3000/ws/socket.io/?EIO=4&transport=websocket' failed: Error during WebSocket handshake: net::ERR_CONNECTION_RESET @ http://localhost:3000/_app/immutable/chunks/CGwCSIWv.js:0
[ 3735414ms] [ERROR] WebSocket connection to 'ws://localhost:3000/ws/socket.io/?EIO=4&transport=websocket' failed: Error during WebSocket handshake: net::ERR_CONNECTION_RESET @ http://localhost:3000/_app/immutable/chunks/CGwCSIWv.js:0
[ 3740435ms] [ERROR] WebSocket connection to 'ws://localhost:3000/ws/socket.io/?EIO=4&transport=websocket' failed: Error during WebSocket handshake: net::ERR_CONNECTION_RESET @ http://localhost:3000/_app/immutable/chunks/CGwCSIWv.js:0
[ 3745452ms] [ERROR] WebSocket connection to 'ws://localhost:3000/ws/socket.io/?EIO=4&transport=websocket' failed: Error during WebSocket handshake: net::ERR_CONNECTION_RESET @ http://localhost:3000/_app/immutable/chunks/CGwCSIWv.js:0
[ 3750474ms] [ERROR] WebSocket connection to 'ws://localhost:3000/ws/socket.io/?EIO=4&transport=websocket' failed: Error during WebSocket handshake: net::ERR_CONNECTION_RESET @ http://localhost:3000/_app/immutable/chunks/CGwCSIWv.js:0
[ 3755508ms] [ERROR] WebSocket connection to 'ws://localhost:3000/ws/socket.io/?EIO=4&transport=websocket' failed: Error during WebSocket handshake: net::ERR_CONNECTION_RESET @ http://localhost:3000/_app/immutable/chunks/CGwCSIWv.js:0
[ 3760557ms] [ERROR] WebSocket connection to 'ws://localhost:3000/ws/socket.io/?EIO=4&transport=websocket' failed: Error during WebSocket handshake: net::ERR_CONNECTION_RESET @ http://localhost:3000/_app/immutable/chunks/CGwCSIWv.js:0
[ 3765595ms] [ERROR] WebSocket connection to 'ws://localhost:3000/ws/socket.io/?EIO=4&transport=websocket' failed: Error during WebSocket handshake: net::ERR_CONNECTION_RESET @ http://localhost:3000/_app/immutable/chunks/CGwCSIWv.js:0
[ 3892012ms] [ERROR] WebSocket connection to 'ws://localhost:3000/ws/socket.io/?EIO=4&transport=websocket' failed: Error during WebSocket handshake: net::ERR_CONNECTION_RESET @ http://localhost:3000/_app/immutable/chunks/CGwCSIWv.js:0
[ 3895030ms] [ERROR] WebSocket connection to 'ws://localhost:3000/ws/socket.io/?EIO=4&transport=websocket' failed: Error during WebSocket handshake: net::ERR_CONNECTION_RESET @ http://localhost:3000/_app/immutable/chunks/CGwCSIWv.js:0
[ 3900072ms] [ERROR] WebSocket connection to 'ws://localhost:3000/ws/socket.io/?EIO=4&transport=websocket' failed: Error during WebSocket handshake: net::ERR_CONNECTION_RESET @ http://localhost:3000/_app/immutable/chunks/CGwCSIWv.js:0
[ 3900495ms] [ERROR] Failed to load resource: net::ERR_CONNECTION_RESET @ http://localhost:3000/_app/version.json:0
[ 3905129ms] [ERROR] WebSocket connection to 'ws://localhost:3000/ws/socket.io/?EIO=4&transport=websocket' failed: Error during WebSocket handshake: net::ERR_CONNECTION_RESET @ http://localhost:3000/_app/immutable/chunks/CGwCSIWv.js:0
[ 3910184ms] [ERROR] WebSocket connection to 'ws://localhost:3000/ws/socket.io/?EIO=4&transport=websocket' failed: Error during WebSocket handshake: net::ERR_CONNECTION_RESET @ http://localhost:3000/_app/immutable/chunks/CGwCSIWv.js:0
[ 3915213ms] [ERROR] WebSocket connection to 'ws://localhost:3000/ws/socket.io/?EIO=4&transport=websocket' failed: Error during WebSocket handshake: net::ERR_CONNECTION_RESET @ http://localhost:3000/_app/immutable/chunks/CGwCSIWv.js:0
[ 3920292ms] [ERROR] WebSocket connection to 'ws://localhost:3000/ws/socket.io/?EIO=4&transport=websocket' failed: Error during WebSocket handshake: net::ERR_CONNECTION_RESET @ http://localhost:3000/_app/immutable/chunks/CGwCSIWv.js:0
[ 3925395ms] [ERROR] WebSocket connection to 'ws://localhost:3000/ws/socket.io/?EIO=4&transport=websocket' failed: Error during WebSocket handshake: net::ERR_CONNECTION_RESET @ http://localhost:3000/_app/immutable/chunks/CGwCSIWv.js:0
[ 3930613ms] [ERROR] WebSocket connection to 'ws://localhost:3000/ws/socket.io/?EIO=4&transport=websocket' failed: Error during WebSocket handshake: net::ERR_CONNECTION_RESET @ http://localhost:3000/_app/immutable/chunks/CGwCSIWv.js:0
[ 3935790ms] [ERROR] WebSocket connection to 'ws://localhost:3000/ws/socket.io/?EIO=4&transport=websocket' failed: Error during WebSocket handshake: net::ERR_CONNECTION_RESET @ http://localhost:3000/_app/immutable/chunks/CGwCSIWv.js:0
[ 3940877ms] [ERROR] WebSocket connection to 'ws://localhost:3000/ws/socket.io/?EIO=4&transport=websocket' failed: Error during WebSocket handshake: net::ERR_CONNECTION_RESET @ http://localhost:3000/_app/immutable/chunks/CGwCSIWv.js:0
[ 3946015ms] [ERROR] WebSocket connection to 'ws://localhost:3000/ws/socket.io/?EIO=4&transport=websocket' failed: Error during WebSocket handshake: net::ERR_CONNECTION_RESET @ http://localhost:3000/_app/immutable/chunks/CGwCSIWv.js:0
[ 3951140ms] [ERROR] WebSocket connection to 'ws://localhost:3000/ws/socket.io/?EIO=4&transport=websocket' failed: Error during WebSocket handshake: net::ERR_CONNECTION_RESET @ http://localhost:3000/_app/immutable/chunks/CGwCSIWv.js:0
[ 3956273ms] [ERROR] WebSocket connection to 'ws://localhost:3000/ws/socket.io/?EIO=4&transport=websocket' failed: Error during WebSocket handshake: net::ERR_CONNECTION_RESET @ http://localhost:3000/_app/immutable/chunks/CGwCSIWv.js:0
[ 4107491ms] [ERROR] WebSocket connection to 'ws://localhost:3000/ws/socket.io/?EIO=4&transport=websocket' failed: Error in connection establishment: net::ERR_SOCKET_NOT_CONNECTED @ http://localhost:3000/_app/immutable/chunks/CGwCSIWv.js:0
[ 4110460ms] [ERROR] WebSocket connection to 'ws://localhost:3000/ws/socket.io/?EIO=4&transport=websocket' failed: Error during WebSocket handshake: net::ERR_CONNECTION_RESET @ http://localhost:3000/_app/immutable/chunks/CGwCSIWv.js:0
[ 4115467ms] [ERROR] WebSocket connection to 'ws://localhost:3000/ws/socket.io/?EIO=4&transport=websocket' failed: Error during WebSocket handshake: net::ERR_CONNECTION_RESET @ http://localhost:3000/_app/immutable/chunks/CGwCSIWv.js:0
[ 4120478ms] [ERROR] WebSocket connection to 'ws://localhost:3000/ws/socket.io/?EIO=4&transport=websocket' failed: Error during WebSocket handshake: net::ERR_CONNECTION_RESET @ http://localhost:3000/_app/immutable/chunks/CGwCSIWv.js:0
[ 4125485ms] [ERROR] WebSocket connection to 'ws://localhost:3000/ws/socket.io/?EIO=4&transport=websocket' failed: Error during WebSocket handshake: net::ERR_CONNECTION_RESET @ http://localhost:3000/_app/immutable/chunks/CGwCSIWv.js:0
[ 4130498ms] [ERROR] WebSocket connection to 'ws://localhost:3000/ws/socket.io/?EIO=4&transport=websocket' failed: Error during WebSocket handshake: net::ERR_CONNECTION_RESET @ http://localhost:3000/_app/immutable/chunks/CGwCSIWv.js:0
[ 4135510ms] [ERROR] WebSocket connection to 'ws://localhost:3000/ws/socket.io/?EIO=4&transport=websocket' failed: Error during WebSocket handshake: net::ERR_CONNECTION_RESET @ http://localhost:3000/_app/immutable/chunks/CGwCSIWv.js:0
[ 5091761ms] Error: marked(): input parameter is undefined or null
Please report this to https://github.com/markedjs/marked.
    at g_.parse (http://localhost:3000/_app/immutable/chunks/B-jbJiZF.js:52:4875)
    at X (http://localhost:3000/_app/immutable/chunks/B-jbJiZF.js:53:245)
    at http://localhost:3000/_app/immutable/nodes/0.DBizDy4T.js:1:23550
    at Ae (http://localhost:3000/_app/immutable/chunks/C_HgAV6G.js:1:27711)
    at http://localhost:3000/_app/immutable/nodes/0.DBizDy4T.js:1:23532
    at http://localhost:3000/_app/immutable/chunks/aNAWOars.js:1:205
    at http://localhost:3000/_app/immutable/chunks/C_HgAV6G.js:1:22564
    at vr (http://localhost:3000/_app/immutable/chunks/C_HgAV6G.js:1:25697)
    at Je (http://localhost:3000/_app/immutable/chunks/C_HgAV6G.js:1:26636)
    at le (http://localhost:3000/_app/immutable/chunks/C_HgAV6G.js:1:21419)
[ 5092219ms] Error: marked(): input parameter is undefined or null
Please report this to https://github.com/markedjs/marked.
    at g_.parse (http://localhost:3000/_app/immutable/chunks/B-jbJiZF.js:52:4875)
    at X (http://localhost:3000/_app/immutable/chunks/B-jbJiZF.js:53:245)
    at http://localhost:3000/_app/immutable/nodes/0.DBizDy4T.js:1:23550
    at Ae (http://localhost:3000/_app/immutable/chunks/C_HgAV6G.js:1:27711)
    at http://localhost:3000/_app/immutable/nodes/0.DBizDy4T.js:1:23532
    at http://localhost:3000/_app/immutable/chunks/aNAWOars.js:1:205
    at http://localhost:3000/_app/immutable/chunks/C_HgAV6G.js:1:22564
    at vr (http://localhost:3000/_app/immutable/chunks/C_HgAV6G.js:1:25697)
    at Je (http://localhost:3000/_app/immutable/chunks/C_HgAV6G.js:1:26636)
    at le (http://localhost:3000/_app/immutable/chunks/C_HgAV6G.js:1:21419)
[ 5192206ms] Error: marked(): input parameter is undefined or null
Please report this to https://github.com/markedjs/marked.
    at g_.parse (http://localhost:3000/_app/immutable/chunks/B-jbJiZF.js:52:4875)
    at X (http://localhost:3000/_app/immutable/chunks/B-jbJiZF.js:53:245)
    at http://localhost:3000/_app/immutable/nodes/0.DBizDy4T.js:1:23550
    at Ae (http://localhost:3000/_app/immutable/chunks/C_HgAV6G.js:1:27711)
    at http://localhost:3000/_app/immutable/nodes/0.DBizDy4T.js:1:23532
    at http://localhost:3000/_app/immutable/chunks/aNAWOars.js:1:205
    at http://localhost:3000/_app/immutable/chunks/C_HgAV6G.js:1:22564
    at vr (http://localhost:3000/_app/immutable/chunks/C_HgAV6G.js:1:25697)
    at Je (http://localhost:3000/_app/immutable/chunks/C_HgAV6G.js:1:26636)
    at le (http://localhost:3000/_app/immutable/chunks/C_HgAV6G.js:1:21419)
[ 5192264ms] Error: marked(): input parameter is undefined or null
Please report this to https://github.com/markedjs/marked.
    at g_.parse (http://localhost:3000/_app/immutable/chunks/B-jbJiZF.js:52:4875)
    at X (http://localhost:3000/_app/immutable/chunks/B-jbJiZF.js:53:245)
    at http://localhost:3000/_app/immutable/nodes/0.DBizDy4T.js:1:23550
    at Ae (http://localhost:3000/_app/immutable/chunks/C_HgAV6G.js:1:27711)
    at http://localhost:3000/_app/immutable/nodes/0.DBizDy4T.js:1:23532
    at http://localhost:3000/_app/immutable/chunks/aNAWOars.js:1:205
    at http://localhost:3000/_app/immutable/chunks/C_HgAV6G.js:1:22564
    at vr (http://localhost:3000/_app/immutable/chunks/C_HgAV6G.js:1:25697)
    at Je (http://localhost:3000/_app/immutable/chunks/C_HgAV6G.js:1:26636)
    at le (http://localhost:3000/_app/immutable/chunks/C_HgAV6G.js:1:21419)
[ 5230340ms] Error: marked(): input parameter is undefined or null
Please report this to https://github.com/markedjs/marked.
    at g_.parse (http://localhost:3000/_app/immutable/chunks/B-jbJiZF.js:52:4875)
    at X (http://localhost:3000/_app/immutable/chunks/B-jbJiZF.js:53:245)
    at http://localhost:3000/_app/immutable/nodes/0.DBizDy4T.js:1:23550
    at Ae (http://localhost:3000/_app/immutable/chunks/C_HgAV6G.js:1:27711)
    at http://localhost:3000/_app/immutable/nodes/0.DBizDy4T.js:1:23532
    at http://localhost:3000/_app/immutable/chunks/aNAWOars.js:1:205
    at http://localhost:3000/_app/immutable/chunks/C_HgAV6G.js:1:22564
    at vr (http://localhost:3000/_app/immutable/chunks/C_HgAV6G.js:1:25697)
    at Je (http://localhost:3000/_app/immutable/chunks/C_HgAV6G.js:1:26636)
    at le (http://localhost:3000/_app/immutable/chunks/C_HgAV6G.js:1:21419)
[ 5230406ms] Error: marked(): input parameter is undefined or null
Please report this to https://github.com/markedjs/marked.
    at g_.parse (http://localhost:3000/_app/immutable/chunks/B-jbJiZF.js:52:4875)
    at X (http://localhost:3000/_app/immutable/chunks/B-jbJiZF.js:53:245)
    at http://localhost:3000/_app/immutable/nodes/0.DBizDy4T.js:1:23550
    at Ae (http://localhost:3000/_app/immutable/chunks/C_HgAV6G.js:1:27711)
    at http://localhost:3000/_app/immutable/nodes/0.DBizDy4T.js:1:23532
    at http://localhost:3000/_app/immutable/chunks/aNAWOars.js:1:205
    at http://localhost:3000/_app/immutable/chunks/C_HgAV6G.js:1:22564
    at vr (http://localhost:3000/_app/immutable/chunks/C_HgAV6G.js:1:25697)
    at Je (http://localhost:3000/_app/immutable/chunks/C_HgAV6G.js:1:26636)
    at le (http://localhost:3000/_app/immutable/chunks/C_HgAV6G.js:1:21419)
[ 5241907ms] Error: marked(): input parameter is undefined or null
Please report this to https://github.com/markedjs/marked.
    at g_.parse (http://localhost:3000/_app/immutable/chunks/B-jbJiZF.js:52:4875)
    at X (http://localhost:3000/_app/immutable/chunks/B-jbJiZF.js:53:245)
    at http://localhost:3000/_app/immutable/nodes/0.DBizDy4T.js:1:23550
    at Ae (http://localhost:3000/_app/immutable/chunks/C_HgAV6G.js:1:27711)
    at http://localhost:3000/_app/immutable/nodes/0.DBizDy4T.js:1:23532
    at http://localhost:3000/_app/immutable/chunks/aNAWOars.js:1:205
    at http://localhost:3000/_app/immutable/chunks/C_HgAV6G.js:1:22564
    at vr (http://localhost:3000/_app/immutable/chunks/C_HgAV6G.js:1:25697)
    at Je (http://localhost:3000/_app/immutable/chunks/C_HgAV6G.js:1:26636)
    at le (http://localhost:3000/_app/immutable/chunks/C_HgAV6G.js:1:21419)
[ 5241941ms] Error: marked(): input parameter is undefined or null
Please report this to https://github.com/markedjs/marked.
    at g_.parse (http://localhost:3000/_app/immutable/chunks/B-jbJiZF.js:52:4875)
    at X (http://localhost:3000/_app/immutable/chunks/B-jbJiZF.js:53:245)
    at http://localhost:3000/_app/immutable/nodes/0.DBizDy4T.js:1:23550
    at Ae (http://localhost:3000/_app/immutable/chunks/C_HgAV6G.js:1:27711)
    at http://localhost:3000/_app/immutable/nodes/0.DBizDy4T.js:1:23532
    at http://localhost:3000/_app/immutable/chunks/aNAWOars.js:1:205
    at http://localhost:3000/_app/immutable/chunks/C_HgAV6G.js:1:22564
    at vr (http://localhost:3000/_app/immutable/chunks/C_HgAV6G.js:1:25697)
    at Je (http://localhost:3000/_app/immutable/chunks/C_HgAV6G.js:1:26636)
    at le (http://localhost:3000/_app/immutable/chunks/C_HgAV6G.js:1:21419)
[ 5245553ms] Error: marked(): input parameter is undefined or null
Please report this to https://github.com/markedjs/marked.
    at g_.parse (http://localhost:3000/_app/immutable/chunks/B-jbJiZF.js:52:4875)
    at X (http://localhost:3000/_app/immutable/chunks/B-jbJiZF.js:53:245)
    at http://localhost:3000/_app/immutable/nodes/0.DBizDy4T.js:1:23550
    at Ae (http://localhost:3000/_app/immutable/chunks/C_HgAV6G.js:1:27711)
    at http://localhost:3000/_app/immutable/nodes/0.DBizDy4T.js:1:23532
    at http://localhost:3000/_app/immutable/chunks/aNAWOars.js:1:205
    at http://localhost:3000/_app/immutable/chunks/C_HgAV6G.js:1:22564
    at vr (http://localhost:3000/_app/immutable/chunks/C_HgAV6G.js:1:25697)
    at Je (http://localhost:3000/_app/immutable/chunks/C_HgAV6G.js:1:26636)
    at le (http://localhost:3000/_app/immutable/chunks/C_HgAV6G.js:1:21419)
[ 5247963ms] Error: marked(): input parameter is undefined or null
Please report this to https://github.com/markedjs/marked.
    at g_.parse (http://localhost:3000/_app/immutable/chunks/B-jbJiZF.js:52:4875)
    at X (http://localhost:3000/_app/immutable/chunks/B-jbJiZF.js:53:245)
    at http://localhost:3000/_app/immutable/nodes/0.DBizDy4T.js:1:23550
    at Ae (http://localhost:3000/_app/immutable/chunks/C_HgAV6G.js:1:27711)
    at http://localhost:3000/_app/immutable/nodes/0.DBizDy4T.js:1:23532
    at http://localhost:3000/_app/immutable/chunks/aNAWOars.js:1:205
    at http://localhost:3000/_app/immutable/chunks/C_HgAV6G.js:1:22564
    at vr (http://localhost:3000/_app/immutable/chunks/C_HgAV6G.js:1:25697)
    at Je (http://localhost:3000/_app/immutable/chunks/C_HgAV6G.js:1:26636)
    at le (http://localhost:3000/_app/immutable/chunks/C_HgAV6G.js:1:21419)
[ 5304050ms] Error: marked(): input parameter is undefined or null
Please report this to https://github.com/markedjs/marked.
    at g_.parse (http://localhost:3000/_app/immutable/chunks/B-jbJiZF.js:52:4875)
    at X (http://localhost:3000/_app/immutable/chunks/B-jbJiZF.js:53:245)
    at http://localhost:3000/_app/immutable/nodes/0.DBizDy4T.js:1:23550
    at Ae (http://localhost:3000/_app/immutable/chunks/C_HgAV6G.js:1:27711)
    at http://localhost:3000/_app/immutable/nodes/0.DBizDy4T.js:1:23532
    at http://localhost:3000/_app/immutable/chunks/aNAWOars.js:1:205
    at http://localhost:3000/_app/immutable/chunks/C_HgAV6G.js:1:22564
    at vr (http://localhost:3000/_app/immutable/chunks/C_HgAV6G.js:1:25697)
    at Je (http://localhost:3000/_app/immutable/chunks/C_HgAV6G.js:1:26636)
    at le (http://localhost:3000/_app/immutable/chunks/C_HgAV6G.js:1:21419)
[ 5304145ms] Error: marked(): input parameter is undefined or null
Please report this to https://github.com/markedjs/marked.
    at g_.parse (http://localhost:3000/_app/immutable/chunks/B-jbJiZF.js:52:4875)
    at X (http://localhost:3000/_app/immutable/chunks/B-jbJiZF.js:53:245)
    at http://localhost:3000/_app/immutable/nodes/0.DBizDy4T.js:1:23550
    at Ae (http://localhost:3000/_app/immutable/chunks/C_HgAV6G.js:1:27711)
    at http://localhost:3000/_app/immutable/nodes/0.DBizDy4T.js:1:23532
    at http://localhost:3000/_app/immutable/chunks/aNAWOars.js:1:205
    at http://localhost:3000/_app/immutable/chunks/C_HgAV6G.js:1:22564
    at vr (http://localhost:3000/_app/immutable/chunks/C_HgAV6G.js:1:25697)
    at Je (http://localhost:3000/_app/immutable/chunks/C_HgAV6G.js:1:26636)
    at le (http://localhost:3000/_app/immutable/chunks/C_HgAV6G.js:1:21419)
[ 5323168ms] Error: marked(): input parameter is undefined or null
Please report this to https://github.com/markedjs/marked.
    at g_.parse (http://localhost:3000/_app/immutable/chunks/B-jbJiZF.js:52:4875)
    at X (http://localhost:3000/_app/immutable/chunks/B-jbJiZF.js:53:245)
    at http://localhost:3000/_app/immutable/nodes/0.DBizDy4T.js:1:23550
    at Ae (http://localhost:3000/_app/immutable/chunks/C_HgAV6G.js:1:27711)
    at http://localhost:3000/_app/immutable/nodes/0.DBizDy4T.js:1:23532
    at http://localhost:3000/_app/immutable/chunks/aNAWOars.js:1:205
    at http://localhost:3000/_app/immutable/chunks/C_HgAV6G.js:1:22564
    at vr (http://localhost:3000/_app/immutable/chunks/C_HgAV6G.js:1:25697)
    at Je (http://localhost:3000/_app/immutable/chunks/C_HgAV6G.js:1:26636)
    at le (http://localhost:3000/_app/immutable/chunks/C_HgAV6G.js:1:21419)
[ 5323216ms] Error: marked(): input parameter is undefined or null
Please report this to https://github.com/markedjs/marked.
    at g_.parse (http://localhost:3000/_app/immutable/chunks/B-jbJiZF.js:52:4875)
    at X (http://localhost:3000/_app/immutable/chunks/B-jbJiZF.js:53:245)
    at http://localhost:3000/_app/immutable/nodes/0.DBizDy4T.js:1:23550
    at Ae (http://localhost:3000/_app/immutable/chunks/C_HgAV6G.js:1:27711)
    at http://localhost:3000/_app/immutable/nodes/0.DBizDy4T.js:1:23532
    at http://localhost:3000/_app/immutable/chunks/aNAWOars.js:1:205
    at http://localhost:3000/_app/immutable/chunks/C_HgAV6G.js:1:22564
    at vr (http://localhost:3000/_app/immutable/chunks/C_HgAV6G.js:1:25697)
    at Je (http://localhost:3000/_app/immutable/chunks/C_HgAV6G.js:1:26636)
    at le (http://localhost:3000/_app/immutable/chunks/C_HgAV6G.js:1:21419)
[ 5345751ms] Error: marked(): input parameter is undefined or null
Please report this to https://github.com/markedjs/marked.
    at g_.parse (http://localhost:3000/_app/immutable/chunks/B-jbJiZF.js:52:4875)
    at X (http://localhost:3000/_app/immutable/chunks/B-jbJiZF.js:53:245)
    at http://localhost:3000/_app/immutable/nodes/0.DBizDy4T.js:1:23550
    at Ae (http://localhost:3000/_app/immutable/chunks/C_HgAV6G.js:1:27711)
    at http://localhost:3000/_app/immutable/nodes/0.DBizDy4T.js:1:23532
    at http://localhost:3000/_app/immutable/chunks/aNAWOars.js:1:205
    at http://localhost:3000/_app/immutable/chunks/C_HgAV6G.js:1:22564
    at vr (http://localhost:3000/_app/immutable/chunks/C_HgAV6G.js:1:25697)
    at Je (http://localhost:3000/_app/immutable/chunks/C_HgAV6G.js:1:26636)
    at le (http://localhost:3000/_app/immutable/chunks/C_HgAV6G.js:1:21419)
[ 5345803ms] Error: marked(): input parameter is undefined or null
Please report this to https://github.com/markedjs/marked.
    at g_.parse (http://localhost:3000/_app/immutable/chunks/B-jbJiZF.js:52:4875)
    at X (http://localhost:3000/_app/immutable/chunks/B-jbJiZF.js:53:245)
    at http://localhost:3000/_app/immutable/nodes/0.DBizDy4T.js:1:23550
    at Ae (http://localhost:3000/_app/immutable/chunks/C_HgAV6G.js:1:27711)
    at http://localhost:3000/_app/immutable/nodes/0.DBizDy4T.js:1:23532
    at http://localhost:3000/_app/immutable/chunks/aNAWOars.js:1:205
    at http://localhost:3000/_app/immutable/chunks/C_HgAV6G.js:1:22564
    at vr (http://localhost:3000/_app/immutable/chunks/C_HgAV6G.js:1:25697)
    at Je (http://localhost:3000/_app/immutable/chunks/C_HgAV6G.js:1:26636)
    at le (http://localhost:3000/_app/immutable/chunks/C_HgAV6G.js:1:21419)
[ 5382427ms] Error: marked(): input parameter is undefined or null
Please report this to https://github.com/markedjs/marked.
    at g_.parse (http://localhost:3000/_app/immutable/chunks/B-jbJiZF.js:52:4875)
    at X (http://localhost:3000/_app/immutable/chunks/B-jbJiZF.js:53:245)
    at http://localhost:3000/_app/immutable/nodes/0.DBizDy4T.js:1:23550
    at Ae (http://localhost:3000/_app/immutable/chunks/C_HgAV6G.js:1:27711)
    at http://localhost:3000/_app/immutable/nodes/0.DBizDy4T.js:1:23532
    at http://localhost:3000/_app/immutable/chunks/aNAWOars.js:1:205
    at http://localhost:3000/_app/immutable/chunks/C_HgAV6G.js:1:22564
    at vr (http://localhost:3000/_app/immutable/chunks/C_HgAV6G.js:1:25697)
    at Je (http://localhost:3000/_app/immutable/chunks/C_HgAV6G.js:1:26636)
    at le (http://localhost:3000/_app/immutable/chunks/C_HgAV6G.js:1:21419)
[ 5382479ms] Error: marked(): input parameter is undefined or null
Please report this to https://github.com/markedjs/marked.
    at g_.parse (http://localhost:3000/_app/immutable/chunks/B-jbJiZF.js:52:4875)
    at X (http://localhost:3000/_app/immutable/chunks/B-jbJiZF.js:53:245)
    at http://localhost:3000/_app/immutable/nodes/0.DBizDy4T.js:1:23550
    at Ae (http://localhost:3000/_app/immutable/chunks/C_HgAV6G.js:1:27711)
    at http://localhost:3000/_app/immutable/nodes/0.DBizDy4T.js:1:23532
    at http://localhost:3000/_app/immutable/chunks/aNAWOars.js:1:205
    at http://localhost:3000/_app/immutable/chunks/C_HgAV6G.js:1:22564
    at vr (http://localhost:3000/_app/immutable/chunks/C_HgAV6G.js:1:25697)
    at Je (http://localhost:3000/_app/immutable/chunks/C_HgAV6G.js:1:26636)
    at le (http://localhost:3000/_app/immutable/chunks/C_HgAV6G.js:1:21419)
[ 5648558ms] Error: marked(): input parameter is undefined or null
Please report this to https://github.com/markedjs/marked.
    at g_.parse (http://localhost:3000/_app/immutable/chunks/B-jbJiZF.js:52:4875)
    at X (http://localhost:3000/_app/immutable/chunks/B-jbJiZF.js:53:245)
    at http://localhost:3000/_app/immutable/nodes/0.DBizDy4T.js:1:23550
    at Ae (http://localhost:3000/_app/immutable/chunks/C_HgAV6G.js:1:27711)
    at http://localhost:3000/_app/immutable/nodes/0.DBizDy4T.js:1:23532
    at http://localhost:3000/_app/immutable/chunks/aNAWOars.js:1:205
    at http://localhost:3000/_app/immutable/chunks/C_HgAV6G.js:1:22564
    at vr (http://localhost:3000/_app/immutable/chunks/C_HgAV6G.js:1:25697)
    at Je (http://localhost:3000/_app/immutable/chunks/C_HgAV6G.js:1:26636)
    at le (http://localhost:3000/_app/immutable/chunks/C_HgAV6G.js:1:21419)
[ 5648592ms] Error: marked(): input parameter is undefined or null
Please report this to https://github.com/markedjs/marked.
    at g_.parse (http://localhost:3000/_app/immutable/chunks/B-jbJiZF.js:52:4875)
    at X (http://localhost:3000/_app/immutable/chunks/B-jbJiZF.js:53:245)
    at http://localhost:3000/_app/immutable/nodes/0.DBizDy4T.js:1:23550
    at Ae (http://localhost:3000/_app/immutable/chunks/C_HgAV6G.js:1:27711)
    at http://localhost:3000/_app/immutable/nodes/0.DBizDy4T.js:1:23532
    at http://localhost:3000/_app/immutable/chunks/aNAWOars.js:1:205
    at http://localhost:3000/_app/immutable/chunks/C_HgAV6G.js:1:22564
    at vr (http://localhost:3000/_app/immutable/chunks/C_HgAV6G.js:1:25697)
    at Je (http://localhost:3000/_app/immutable/chunks/C_HgAV6G.js:1:26636)
    at le (http://localhost:3000/_app/immutable/chunks/C_HgAV6G.js:1:21419)
